Arguments: 
  C:\Program Files\nodejs\node.exe C:\Users\Administrator\AppData\Roaming\npm\node_modules\yarn\bin\yarn.js add -D less less-loader

PATH: 
  C:\Windows\system32;C:\Windows;C:\Windows\System32\Wbem;C:\Windows\System32\WindowsPowerShell\v1.0\;C:\Windows\System32\OpenSSH\;C:\Program Files\nodejs\;C:\Program Files\Git\cmd;C:\Users\Administrator\AppData\Local\Microsoft\WindowsApps;;C:\Users\Administrator\AppData\Local\Programs\Microsoft VS Code\bin;C:\Users\Administrator\AppData\Roaming\npm

Yarn version: 
  1.22.4

Node version: 
  14.4.0

Platform: 
  win32 x64

Trace: 
  Error: ENOENT: no such file or directory, copyfile 'C:\Users\Administrator\AppData\Local\Yarn\Cache\v6\npm-ansi-styles-4.2.1-90ae75c424d008d2624c5bf29ead3177ebfcf359-integrity\node_modules\ansi-styles\index.d.ts' -> 'C:\Users\Administrator\Desktop\github\ECHI_UI_MODAL\node_modules\eslint\node_modules\ansi-styles\index.d.ts'

npm manifest: 
  {
    "name": "vue_tsx",
    "version": "0.0.0",
    "scripts": {
      "dev": "vite",
      "build": "vite build"
    },
    "dependencies": {
      "vue": "3.0.0-beta.22",
      "vue-router": "4.0.0-beta.2",
      "vuex": "4.0.0-beta.4"
    },
    "devDependencies": {
      "@typescript-eslint/eslint-plugin": "^3.6.1",
      "@typescript-eslint/parser": "^3.6.1",
      "@vue/compiler-sfc": "^3.0.0-beta.15",
      "eslint": "^7.4.0",
      "eslint-config-prettier": "^6.11.0",
      "eslint-plugin-prettier": "^3.1.4",
      "eslint-plugin-vue": "^7.0.0-alpha.10",
      "prettier": "^2.0.5",
      "typescript": "^3.9.6",
      "vite": "1.0.0-beta.11",
      "vue-eslint-parser": "^7.1.0"
    }
  }

yarn manifest: 
  No manifest

Lockfile: 
  No lockfile
